TN:
SF:/home/anupamaa/Desktop/Training/pos/server/app.js
FN:16,(anonymous_0)
FN:26,(anonymous_1)
FN:50,(anonymous_2)
FN:57,(anonymous_3)
FNF:4
FNH:1
FNDA:0,(anonymous_0)
FNDA:3,(anonymous_1)
FNDA:0,(anonymous_2)
FNDA:0,(anonymous_3)
DA:1,3
DA:2,3
DA:3,3
DA:4,3
DA:6,3
DA:7,3
DA:8,3
DA:9,3
DA:11,3
DA:20,3
DA:22,3
DA:23,3
DA:26,3
DA:27,3
DA:28,3
DA:34,3
DA:35,0
DA:39,0
DA:41,3
DA:44,3
DA:45,3
DA:46,3
DA:47,3
DA:50,3
DA:51,0
DA:52,0
DA:53,0
DA:57,3
DA:58,0
DA:59,0
DA:66,3
LF:31
LH:24
BRDA:34,0,0,0
BRDA:34,0,1,3
BRDA:58,1,0,0
BRDA:58,1,1,0
BRF:4
BRH:1
end_of_record
TN:
SF:/home/anupamaa/Desktop/Training/pos/server/cash.js
FN:2,(anonymous_0)
FNF:1
FNH:0
FNDA:0,(anonymous_0)
DA:1,0
DA:2,0
DA:4,0
DA:6,0
LF:4
LH:0
BRF:0
BRH:0
end_of_record
TN:
SF:/home/anupamaa/Desktop/Training/pos/server/server.js
FNF:0
FNH:0
DA:1,0
DA:2,0
DA:4,0
DA:6,0
DA:8,0
LF:5
LH:0
BRDA:4,0,0,0
BRDA:4,0,1,0
BRF:2
BRH:0
end_of_record
TN:
SF:/home/anupamaa/Desktop/Training/pos/server/api/errorMessages.js
FNF:0
FNH:0
DA:1,1
LF:1
LH:1
BRF:0
BRH:0
end_of_record
TN:
SF:/home/anupamaa/Desktop/Training/pos/server/api/controllers/items.js
FN:8,(anonymous_0)
FN:10,(anonymous_1)
FN:13,(anonymous_2)
FN:32,(anonymous_3)
FN:41,(anonymous_4)
FN:50,(anonymous_5)
FN:57,(anonymous_6)
FN:89,(anonymous_7)
FN:92,(anonymous_8)
FN:105,(anonymous_9)
FN:114,(anonymous_10)
FN:118,(anonymous_11)
FN:121,(anonymous_12)
FN:128,(anonymous_13)
FN:136,(anonymous_14)
FN:140,(anonymous_15)
FNF:16
FNH:2
FNDA:0,(anonymous_0)
FNDA:0,(anonymous_1)
FNDA:0,(anonymous_2)
FNDA:0,(anonymous_3)
FNDA:0,(anonymous_4)
FNDA:0,(anonymous_5)
FNDA:0,(anonymous_6)
FNDA:3,(anonymous_7)
FNDA:3,(anonymous_8)
FNDA:0,(anonymous_9)
FNDA:0,(anonymous_10)
FNDA:0,(anonymous_11)
FNDA:0,(anonymous_12)
FNDA:0,(anonymous_13)
FNDA:0,(anonymous_14)
FNDA:0,(anonymous_15)
DA:1,4
DA:2,4
DA:4,4
DA:5,4
DA:6,4
DA:8,4
DA:9,0
DA:11,0
DA:14,0
DA:22,0
DA:23,0
DA:26,0
DA:33,0
DA:34,0
DA:41,4
DA:42,0
DA:49,0
DA:51,0
DA:52,0
DA:58,0
DA:59,0
DA:89,4
DA:90,3
DA:91,3
DA:93,3
DA:95,3
DA:99,0
DA:106,0
DA:107,0
DA:114,4
DA:115,0
DA:116,0
DA:119,0
DA:122,0
DA:123,0
DA:128,4
DA:129,0
DA:130,0
DA:131,0
DA:132,0
DA:134,0
DA:137,0
DA:138,0
DA:141,0
DA:142,0
LF:45
LH:14
BRDA:22,0,0,0
BRDA:22,0,1,0
BRDA:93,1,0,3
BRDA:93,1,1,0
BRF:4
BRH:1
end_of_record
TN:
SF:/home/anupamaa/Desktop/Training/pos/server/api/controllers/orders.js
FN:42,(anonymous_0)
FN:44,(anonymous_1)
FN:47,(anonymous_2)
FN:69,(anonymous_3)
FN:78,(anonymous_4)
FN:99,(anonymous_5)
FN:103,(anonymous_6)
FN:113,(anonymous_7)
FN:118,(anonymous_8)
FN:130,(anonymous_9)
FN:137,(anonymous_10)
FN:145,(anonymous_11)
FN:149,(anonymous_12)
FN:158,(anonymous_13)
FN:162,(anonymous_14)
FN:165,(anonymous_15)
FNF:16
FNH:0
FNDA:0,(anonymous_0)
FNDA:0,(anonymous_1)
FNDA:0,(anonymous_2)
FNDA:0,(anonymous_3)
FNDA:0,(anonymous_4)
FNDA:0,(anonymous_5)
FNDA:0,(anonymous_6)
FNDA:0,(anonymous_7)
FNDA:0,(anonymous_8)
FNDA:0,(anonymous_9)
FNDA:0,(anonymous_10)
FNDA:0,(anonymous_11)
FNDA:0,(anonymous_12)
FNDA:0,(anonymous_13)
FNDA:0,(anonymous_14)
FNDA:0,(anonymous_15)
DA:1,1
DA:2,1
DA:3,1
DA:42,1
DA:43,0
DA:45,0
DA:48,0
DA:59,0
DA:60,0
DA:63,0
DA:70,0
DA:71,0
DA:78,1
DA:80,0
DA:82,0
DA:83,0
DA:84,0
DA:87,0
DA:96,0
DA:98,0
DA:100,0
DA:101,0
DA:104,0
DA:105,0
DA:113,1
DA:114,0
DA:115,0
DA:119,0
DA:120,0
DA:121,0
DA:124,0
DA:131,0
DA:132,0
DA:137,1
DA:138,0
DA:139,0
DA:140,0
DA:141,0
DA:143,0
DA:146,0
DA:147,0
DA:150,0
DA:151,0
DA:158,1
DA:159,0
DA:160,0
DA:163,0
DA:166,0
DA:167,0
LF:49
LH:8
BRDA:59,0,0,0
BRDA:59,0,1,0
BRDA:120,1,0,0
BRDA:120,1,1,0
BRF:4
BRH:0
end_of_record
TN:
SF:/home/anupamaa/Desktop/Training/pos/server/api/controllers/users.js
FN:6,(anonymous_0)
FN:9,(anonymous_1)
FN:15,(anonymous_2)
FN:44,(anonymous_3)
FNF:4
FNH:0
FNDA:0,(anonymous_0)
FNDA:0,(anonymous_1)
FNDA:0,(anonymous_2)
FNDA:0,(anonymous_3)
DA:1,1
DA:2,1
DA:4,1
DA:6,1
DA:7,0
DA:10,0
DA:11,0
DA:15,0
DA:16,0
DA:17,0
DA:18,0
DA:23,0
DA:24,0
DA:34,0
DA:39,0
DA:45,0
DA:46,0
LF:17
LH:4
BRDA:10,0,0,0
BRDA:10,0,1,0
BRDA:16,1,0,0
BRDA:16,1,1,0
BRDA:23,2,0,0
BRDA:23,2,1,0
BRF:6
BRH:0
end_of_record
TN:
SF:/home/anupamaa/Desktop/Training/pos/server/api/middleware/check-auth.js
FN:3,(anonymous_0)
FNF:1
FNH:0
FNDA:0,(anonymous_0)
DA:1,1
DA:3,1
DA:4,0
DA:5,0
DA:6,0
DA:7,0
DA:8,0
DA:11,0
DA:16,0
LF:9
LH:2
BRF:0
BRH:0
end_of_record
TN:
SF:/home/anupamaa/Desktop/Training/pos/server/api/models/item.js
FNF:0
FNH:0
DA:1,1
DA:3,1
DA:11,1
LF:3
LH:3
BRF:0
BRH:0
end_of_record
TN:
SF:/home/anupamaa/Desktop/Training/pos/server/api/models/order.js
FNF:0
FNH:0
DA:1,1
DA:3,1
DA:18,1
LF:3
LH:3
BRF:0
BRH:0
end_of_record
TN:
SF:/home/anupamaa/Desktop/Training/pos/server/api/models/product.js
FNF:0
FNH:0
DA:1,1
DA:3,1
DA:10,1
LF:3
LH:3
BRF:0
BRH:0
end_of_record
TN:
SF:/home/anupamaa/Desktop/Training/pos/server/api/models/users.test.js
FNF:0
FNH:0
DA:1,1
DA:3,1
DA:12,1
LF:3
LH:3
BRF:0
BRH:0
end_of_record
TN:
SF:/home/anupamaa/Desktop/Training/pos/server/api/routes/items.js
FNF:0
FNH:0
DA:1,4
DA:2,4
DA:3,4
DA:4,4
DA:6,4
DA:7,4
DA:9,4
DA:11,4
DA:18,4
DA:20,4
DA:22,4
DA:27,4
LF:12
LH:12
BRF:0
BRH:0
end_of_record
TN:
SF:/home/anupamaa/Desktop/Training/pos/server/api/routes/orders.js
FNF:0
FNH:0
DA:1,1
DA:2,1
DA:3,1
DA:4,1
DA:6,1
DA:7,1
DA:9,1
DA:12,1
DA:15,1
DA:18,1
DA:21,1
DA:24,1
LF:12
LH:12
BRF:0
BRH:0
end_of_record
TN:
SF:/home/anupamaa/Desktop/Training/pos/server/api/routes/products.js
FN:8,(anonymous_0)
FN:12,(anonymous_1)
FN:15,(anonymous_2)
FN:38,(anonymous_3)
FN:47,(anonymous_4)
FN:55,(anonymous_5)
FN:62,(anonymous_6)
FN:70,(anonymous_7)
FN:74,(anonymous_8)
FN:86,(anonymous_9)
FN:93,(anonymous_10)
FN:97,(anonymous_11)
FN:100,(anonymous_12)
FN:107,(anonymous_13)
FN:115,(anonymous_14)
FN:119,(anonymous_15)
FNF:16
FNH:0
FNDA:0,(anonymous_0)
FNDA:0,(anonymous_1)
FNDA:0,(anonymous_2)
FNDA:0,(anonymous_3)
FNDA:0,(anonymous_4)
FNDA:0,(anonymous_5)
FNDA:0,(anonymous_6)
FNDA:0,(anonymous_7)
FNDA:0,(anonymous_8)
FNDA:0,(anonymous_9)
FNDA:0,(anonymous_10)
FNDA:0,(anonymous_11)
FNDA:0,(anonymous_12)
FNDA:0,(anonymous_13)
FNDA:0,(anonymous_14)
FNDA:0,(anonymous_15)
DA:1,1
DA:2,1
DA:3,1
DA:4,1
DA:6,1
DA:8,1
DA:9,0
DA:13,0
DA:16,0
DA:29,0
DA:39,0
DA:40,0
DA:47,1
DA:48,0
DA:54,0
DA:56,0
DA:57,0
DA:63,0
DA:64,0
DA:70,1
DA:71,0
DA:72,0
DA:75,0
DA:76,0
DA:77,0
DA:80,0
DA:87,0
DA:88,0
DA:93,1
DA:94,0
DA:95,0
DA:98,0
DA:101,0
DA:102,0
DA:107,1
DA:108,0
DA:109,0
DA:110,0
DA:111,0
DA:113,0
DA:116,0
DA:117,0
DA:120,0
DA:121,0
DA:130,1
LF:45
LH:11
BRDA:76,0,0,0
BRDA:76,0,1,0
BRF:2
BRH:0
end_of_record
TN:
SF:/home/anupamaa/Desktop/Training/pos/server/api/routes/users.js
FN:13,(anonymous_0)
FN:16,(anonymous_1)
FN:23,(anonymous_2)
FN:37,(anonymous_3)
FN:45,(anonymous_4)
FN:65,(anonymous_5)
FN:68,(anonymous_6)
FN:73,(anonymous_7)
FN:86,(anonymous_8)
FN:89,(anonymous_9)
FN:93,(anonymous_10)
FNF:11
FNH:0
FNDA:0,(anonymous_0)
FNDA:0,(anonymous_1)
FNDA:0,(anonymous_2)
FNDA:0,(anonymous_3)
FNDA:0,(anonymous_4)
FNDA:0,(anonymous_5)
FNDA:0,(anonymous_6)
FNDA:0,(anonymous_7)
FNDA:0,(anonymous_8)
FNDA:0,(anonymous_9)
FNDA:0,(anonymous_10)
DA:1,1
DA:2,1
DA:3,1
DA:4,1
DA:5,1
DA:7,1
DA:8,1
DA:13,1
DA:15,0
DA:17,0
DA:18,0
DA:23,0
DA:24,0
DA:25,0
DA:30,0
DA:36,0
DA:38,0
DA:39,0
DA:46,0
DA:47,0
DA:59,1
DA:65,1
DA:66,0
DA:69,0
DA:74,0
DA:75,0
DA:86,1
DA:87,0
DA:90,0
DA:95,0
DA:96,0
DA:104,1
LF:32
LH:12
BRDA:17,0,0,0
BRDA:17,0,1,0
BRDA:24,1,0,0
BRDA:24,1,1,0
BRF:4
BRH:0
end_of_record
TN:
SF:/home/anupamaa/Desktop/Training/pos/server/api/services/itemService.js
FN:4,(anonymous_0)
FN:7,(anonymous_1)
FN:14,(anonymous_2)
FN:18,(anonymous_3)
FNF:4
FNH:0
FNDA:0,(anonymous_0)
FNDA:0,(anonymous_1)
FNDA:0,(anonymous_2)
FNDA:0,(anonymous_3)
DA:1,1
DA:3,1
DA:5,0
DA:7,0
DA:13,1
DA:15,0
DA:18,0
LF:7
LH:3
BRF:0
BRH:0
end_of_record
TN:
SF:/home/anupamaa/Desktop/Training/pos/server/api/services/orders.js
FN:6,(anonymous_0)
FNF:1
FNH:0
FNDA:0,(anonymous_0)
DA:1,1
DA:3,1
DA:5,1
DA:7,0
LF:4
LH:3
BRF:0
BRH:0
end_of_record
TN:
SF:/home/anupamaa/Desktop/Training/pos/server/client/src/App.js
FN:6,(anonymous_0)
FNF:1
FNH:0
FNDA:0,(anonymous_0)
DA:7,0
LF:1
LH:0
BRF:0
BRH:0
end_of_record
TN:
SF:/home/anupamaa/Desktop/Training/pos/server/client/src/index.js
FNF:0
FNH:0
DA:9,0
DA:14,0
LF:2
LH:0
BRF:0
BRH:0
end_of_record
TN:
SF:/home/anupamaa/Desktop/Training/pos/server/client/src/serviceWorker.js
FN:23,register
FN:34,(anonymous_1)
FN:43,(anonymous_2)
FN:57,registerValidSW
FN:60,(anonymous_4)
FN:61,(anonymous_5)
FN:66,(anonymous_6)
FN:96,(anonymous_7)
FN:101,checkValidServiceWorker
FN:104,(anonymous_9)
FN:112,(anonymous_10)
FN:113,(anonymous_11)
FN:122,(anonymous_12)
FN:129,unregister
FN:131,(anonymous_14)
FNF:15
FNH:0
FNDA:0,register
FNDA:0,(anonymous_1)
FNDA:0,(anonymous_2)
FNDA:0,registerValidSW
FNDA:0,(anonymous_4)
FNDA:0,(anonymous_5)
FNDA:0,(anonymous_6)
FNDA:0,(anonymous_7)
FNDA:0,checkValidServiceWorker
FNDA:0,(anonymous_9)
FNDA:0,(anonymous_10)
FNDA:0,(anonymous_11)
FNDA:0,(anonymous_12)
FNDA:0,unregister
FNDA:0,(anonymous_14)
DA:13,0
DA:24,0
DA:26,0
DA:27,0
DA:31,0
DA:34,0
DA:35,0
DA:37,0
DA:39,0
DA:43,0
DA:44,0
DA:51,0
DA:58,0
DA:61,0
DA:62,0
DA:63,0
DA:64,0
DA:66,0
DA:67,0
DA:68,0
DA:72,0
DA:78,0
DA:79,0
DA:85,0
DA:88,0
DA:89,0
DA:97,0
DA:103,0
DA:106,0
DA:107,0
DA:112,0
DA:113,0
DA:114,0
DA:119,0
DA:123,0
DA:130,0
DA:131,0
DA:132,0
LF:38
LH:0
BRDA:14,0,0,0
BRDA:14,0,1,0
BRDA:14,0,2,0
BRDA:24,1,0,0
BRDA:24,1,1,0
BRDA:24,2,0,0
BRDA:24,2,1,0
BRDA:27,3,0,0
BRDA:27,3,1,0
BRDA:37,4,0,0
BRDA:37,4,1,0
BRDA:63,5,0,0
BRDA:63,5,1,0
BRDA:67,6,0,0
BRDA:67,6,1,0
BRDA:68,7,0,0
BRDA:68,7,1,0
BRDA:78,8,0,0
BRDA:78,8,1,0
BRDA:78,9,0,0
BRDA:78,9,1,0
BRDA:88,10,0,0
BRDA:88,10,1,0
BRDA:88,11,0,0
BRDA:88,11,1,0
BRDA:107,12,0,0
BRDA:107,12,1,0
BRDA:108,13,0,0
BRDA:108,13,1,0
BRDA:108,13,2,0
BRDA:130,14,0,0
BRDA:130,14,1,0
BRF:32
BRH:0
end_of_record
TN:
SF:/home/anupamaa/Desktop/Training/pos/server/client/src/apiCalls/config.js
FNF:0
FNH:0
DA:4,0
DA:20,0
LF:2
LH:0
BRF:0
BRH:0
end_of_record
TN:
SF:/home/anupamaa/Desktop/Training/pos/server/client/src/authentication/auth.js
FN:3,(anonymous_0)
FN:7,(anonymous_1)
FN:12,(anonymous_2)
FN:17,(anonymous_3)
FNF:4
FNH:0
FNDA:0,(anonymous_0)
FNDA:0,(anonymous_1)
FNDA:0,(anonymous_2)
FNDA:0,(anonymous_3)
DA:4,0
DA:8,0
DA:9,0
DA:13,0
DA:14,0
DA:18,0
LF:6
LH:0
BRF:0
BRH:0
end_of_record
TN:
SF:/home/anupamaa/Desktop/Training/pos/server/client/src/authentication/protectedRoutes.js
FN:5,(anonymous_0)
FN:10,(anonymous_1)
FNF:2
FNH:0
FNDA:0,(anonymous_0)
FNDA:0,(anonymous_1)
DA:5,0
DA:6,0
DA:11,0
DA:12,0
DA:13,0
DA:16,0
DA:17,0
LF:7
LH:0
BRDA:11,0,0,0
BRDA:11,0,1,0
BRF:2
BRH:0
end_of_record
TN:
SF:/home/anupamaa/Desktop/Training/pos/server/client/src/components/App.js
FN:11,(anonymous_0)
FNF:1
FNH:0
FNDA:0,(anonymous_0)
DA:12,0
LF:1
LH:0
BRF:0
BRH:0
end_of_record
TN:
SF:/home/anupamaa/Desktop/Training/pos/server/client/src/components/Header.js
FN:5,(anonymous_0)
FNF:1
FNH:0
FNDA:0,(anonymous_0)
DA:5,0
DA:7,0
LF:2
LH:0
BRF:0
BRH:0
end_of_record
TN:
SF:/home/anupamaa/Desktop/Training/pos/server/client/src/components/OrderList/Order.js
FN:6,(anonymous_0)
FN:13,(anonymous_1)
FN:20,(anonymous_2)
FN:24,(anonymous_3)
FN:26,(anonymous_4)
FNF:5
FNH:0
FNDA:0,(anonymous_0)
FNDA:0,(anonymous_1)
FNDA:0,(anonymous_2)
FNDA:0,(anonymous_3)
FNDA:0,(anonymous_4)
DA:7,0
DA:8,0
DA:14,0
DA:15,0
DA:21,0
DA:25,0
DA:26,0
DA:27,0
DA:36,0
LF:9
LH:0
BRDA:14,0,0,0
BRDA:14,0,1,0
BRF:2
BRH:0
end_of_record
TN:
SF:/home/anupamaa/Desktop/Training/pos/server/routes/index.js
FN:5,(anonymous_0)
FNF:1
FNH:0
FNDA:0,(anonymous_0)
DA:1,0
DA:2,0
DA:5,0
DA:6,0
DA:9,0
LF:5
LH:0
BRF:0
BRH:0
end_of_record
TN:
SF:/home/anupamaa/Desktop/Training/pos/server/routes/users.js
FN:5,(anonymous_0)
FNF:1
FNH:0
FNDA:0,(anonymous_0)
DA:1,0
DA:2,0
DA:5,0
DA:6,0
DA:12,0
LF:5
LH:0
BRF:0
BRH:0
end_of_record
